<?xml version="1.0" encoding="UTF-8"?>
<!-- Generated by org.testng.reporters.JUnitXMLReporter -->
<testsuite ignored="0" hostname="LAPTOP-GJFA8BNB" failures="0" tests="5" name="chromeTest" time="94.692" errors="0" timestamp="2024-02-16T23:54:07 IST">
  <testcase classname="testcases.AboutPage" name="findCEO" time="5.019"/>
  <testcase classname="testcases.AboutPage" name="totalEmployees" time="3.069"/>
  <testcase classname="testcases.CareersPage" name="searchJobs" time="12.961"/>
  <testcase classname="testcases.HomePage" name="industries" time="0.242"/>
  <testcase classname="testcases.HomePage" name="industriesDomain" time="51.212"/>
</testsuite> <!-- chromeTest -->
