<?xml version="1.0" encoding="UTF-8"?>
<!-- Generated by org.testng.reporters.JUnitXMLReporter -->
<testsuite ignored="0" hostname="LAPTOP-GJFA8BNB" failures="0" tests="5" name="Test" time="97.621" errors="0" timestamp="2024-02-16T23:26:01 IST">
  <testcase classname="testcases.AboutPage" name="findCEO" time="4.983"/>
  <testcase classname="testcases.AboutPage" name="totalEmployees" time="3.042"/>
  <testcase classname="testcases.CareersPage" name="searchJobs" time="16.049"/>
  <testcase classname="testcases.HomePage" name="industries" time="0.299"/>
  <testcase classname="testcases.HomePage" name="industriesDomain" time="46.014"/>
</testsuite> <!-- Test -->
