<?xml version="1.0" encoding="UTF-8"?>
<!-- Generated by org.testng.reporters.JUnitXMLReporter -->
<testsuite ignored="0" hostname="LAPTOP-GJFA8BNB" failures="0" tests="5" name="chromeTest" time="90.42" errors="0" timestamp="2024-02-17T00:33:24 IST">
  <testcase classname="testcases.AboutPage" name="findCEO" time="4.9"/>
  <testcase classname="testcases.AboutPage" name="totalEmployees" time="3.048"/>
  <testcase classname="testcases.CareersPage" name="searchJobs" time="13.439"/>
  <testcase classname="testcases.HomePage" name="industries" time="0.325"/>
  <testcase classname="testcases.HomePage" name="industriesDomain" time="49.758"/>
</testsuite> <!-- chromeTest -->
