<?xml version="1.0" encoding="UTF-8"?>
<testng-results ignored="0" total="5" passed="5" failed="0" skipped="0">
  <reporter-output>
  </reporter-output>
  <suite started-at="2024-02-17T00:31:53 IST" name="Suite" finished-at="2024-02-17T00:33:24 IST" duration-ms="90420">
    <groups>
    </groups>
    <test started-at="2024-02-17T00:31:53 IST" name="chromeTest" finished-at="2024-02-17T00:33:24 IST" duration-ms="90420">
      <class name="testcases.HomePage">
        <test-method is-config="true" signature="setUp(java.lang.String)[pri:0, instance:testcases.HomePage@5afa3c9]" started-at="2024-02-17T00:32:28 IST" name="setUp" finished-at="2024-02-17T00:32:33 IST" duration-ms="5912" status="PASS">
          <params>
            <param index="0">
              <value>
                <![CDATA[chrome]]>
              </value>
            </param>
          </params>
          <reporter-output>
          </reporter-output>
        </test-method> <!-- setUp -->
        <test-method signature="industries()[pri:0, instance:testcases.HomePage@5afa3c9]" started-at="2024-02-17T00:32:33 IST" name="industries" finished-at="2024-02-17T00:32:34 IST" duration-ms="325" status="PASS">
          <reporter-output>
          </reporter-output>
        </test-method> <!-- industries -->
        <test-method signature="industriesDomain()[pri:0, instance:testcases.HomePage@5afa3c9]" started-at="2024-02-17T00:32:34 IST" name="industriesDomain" finished-at="2024-02-17T00:33:24 IST" duration-ms="49758" status="PASS">
          <reporter-output>
          </reporter-output>
        </test-method> <!-- industriesDomain -->
        <test-method is-config="true" signature="tearDown()[pri:0, instance:testcases.HomePage@5afa3c9]" started-at="2024-02-17T00:33:24 IST" name="tearDown" finished-at="2024-02-17T00:33:24 IST" duration-ms="352" status="PASS">
          <reporter-output>
          </reporter-output>
        </test-method> <!-- tearDown -->
      </class> <!-- testcases.HomePage -->
      <class name="testcases.CareersPage">
        <test-method is-config="true" signature="setUp(java.lang.String)[pri:0, instance:testcases.CareersPage@72cc7e6f]" started-at="2024-02-17T00:32:08 IST" name="setUp" finished-at="2024-02-17T00:32:14 IST" duration-ms="5649" status="PASS">
          <params>
            <param index="0">
              <value>
                <![CDATA[chrome]]>
              </value>
            </param>
          </params>
          <reporter-output>
          </reporter-output>
        </test-method> <!-- setUp -->
        <test-method signature="searchJobs()[pri:0, instance:testcases.CareersPage@72cc7e6f]" started-at="2024-02-17T00:32:14 IST" name="searchJobs" finished-at="2024-02-17T00:32:27 IST" duration-ms="13439" status="PASS">
          <reporter-output>
          </reporter-output>
        </test-method> <!-- searchJobs -->
        <test-method is-config="true" signature="tearDown()[pri:0, instance:testcases.CareersPage@72cc7e6f]" started-at="2024-02-17T00:32:27 IST" name="tearDown" finished-at="2024-02-17T00:32:28 IST" duration-ms="216" status="PASS">
          <reporter-output>
          </reporter-output>
        </test-method> <!-- tearDown -->
      </class> <!-- testcases.CareersPage -->
      <class name="testcases.AboutPage">
        <test-method is-config="true" signature="setUp(java.lang.String)[pri:0, instance:testcases.AboutPage@7f485fda]" started-at="2024-02-17T00:31:54 IST" name="setUp" finished-at="2024-02-17T00:32:00 IST" duration-ms="6359" status="PASS">
          <params>
            <param index="0">
              <value>
                <![CDATA[chrome]]>
              </value>
            </param>
          </params>
          <reporter-output>
          </reporter-output>
        </test-method> <!-- setUp -->
        <test-method signature="findCEO()[pri:0, instance:testcases.AboutPage@7f485fda]" started-at="2024-02-17T00:32:00 IST" name="findCEO" finished-at="2024-02-17T00:32:05 IST" duration-ms="4900" status="PASS">
          <reporter-output>
          </reporter-output>
        </test-method> <!-- findCEO -->
        <test-method signature="totalEmployees()[pri:0, instance:testcases.AboutPage@7f485fda]" started-at="2024-02-17T00:32:05 IST" name="totalEmployees" finished-at="2024-02-17T00:32:08 IST" duration-ms="3048" status="PASS">
          <reporter-output>
          </reporter-output>
        </test-method> <!-- totalEmployees -->
        <test-method is-config="true" signature="tearDown()[pri:0, instance:testcases.AboutPage@7f485fda]" started-at="2024-02-17T00:32:08 IST" name="tearDown" finished-at="2024-02-17T00:32:08 IST" duration-ms="238" status="PASS">
          <reporter-output>
          </reporter-output>
        </test-method> <!-- tearDown -->
      </class> <!-- testcases.AboutPage -->
    </test> <!-- chromeTest -->
  </suite> <!-- Suite -->
</testng-results>
