<?xml version="1.0" encoding="UTF-8"?>
<testng-results ignored="0" total="5" passed="5" failed="0" skipped="0">
  <reporter-output>
  </reporter-output>
  <suite started-at="2024-02-16T23:52:32 IST" name="Suite" finished-at="2024-02-16T23:54:07 IST" duration-ms="94692">
    <groups>
    </groups>
    <test started-at="2024-02-16T23:52:32 IST" name="chromeTest" finished-at="2024-02-16T23:54:07 IST" duration-ms="94692">
      <class name="testcases.HomePage">
        <test-method is-config="true" signature="setUp(java.lang.String)[pri:0, instance:testcases.HomePage@268f106e]" started-at="2024-02-16T23:53:08 IST" name="setUp" finished-at="2024-02-16T23:53:15 IST" duration-ms="7323" status="PASS">
          <params>
            <param index="0">
              <value>
                <![CDATA[chrome]]>
              </value>
            </param>
          </params>
          <reporter-output>
          </reporter-output>
        </test-method> <!-- setUp -->
        <test-method signature="industries()[pri:0, instance:testcases.HomePage@268f106e]" started-at="2024-02-16T23:53:15 IST" name="industries" finished-at="2024-02-16T23:53:15 IST" duration-ms="242" status="PASS">
          <reporter-output>
          </reporter-output>
        </test-method> <!-- industries -->
        <test-method signature="industriesDomain()[pri:0, instance:testcases.HomePage@268f106e]" started-at="2024-02-16T23:53:15 IST" name="industriesDomain" finished-at="2024-02-16T23:54:07 IST" duration-ms="51212" status="PASS">
          <reporter-output>
          </reporter-output>
        </test-method> <!-- industriesDomain -->
        <test-method is-config="true" signature="tearDown()[pri:0, instance:testcases.HomePage@268f106e]" started-at="2024-02-16T23:54:07 IST" name="tearDown" finished-at="2024-02-16T23:54:07 IST" duration-ms="333" status="PASS">
          <reporter-output>
          </reporter-output>
        </test-method> <!-- tearDown -->
      </class> <!-- testcases.HomePage -->
      <class name="testcases.CareersPage">
        <test-method is-config="true" signature="setUp(java.lang.String)[pri:0, instance:testcases.CareersPage@5b247367]" started-at="2024-02-16T23:52:49 IST" name="setUp" finished-at="2024-02-16T23:52:55 IST" duration-ms="5975" status="PASS">
          <params>
            <param index="0">
              <value>
                <![CDATA[chrome]]>
              </value>
            </param>
          </params>
          <reporter-output>
          </reporter-output>
        </test-method> <!-- setUp -->
        <test-method signature="searchJobs()[pri:0, instance:testcases.CareersPage@5b247367]" started-at="2024-02-16T23:52:55 IST" name="searchJobs" finished-at="2024-02-16T23:53:07 IST" duration-ms="12961" status="PASS">
          <reporter-output>
          </reporter-output>
        </test-method> <!-- searchJobs -->
        <test-method is-config="true" signature="tearDown()[pri:0, instance:testcases.CareersPage@5b247367]" started-at="2024-02-16T23:53:07 IST" name="tearDown" finished-at="2024-02-16T23:53:08 IST" duration-ms="318" status="PASS">
          <reporter-output>
          </reporter-output>
        </test-method> <!-- tearDown -->
      </class> <!-- testcases.CareersPage -->
      <class name="testcases.AboutPage">
        <test-method is-config="true" signature="setUp(java.lang.String)[pri:0, instance:testcases.AboutPage@2767e23c]" started-at="2024-02-16T23:52:32 IST" name="setUp" finished-at="2024-02-16T23:52:40 IST" duration-ms="7551" status="PASS">
          <params>
            <param index="0">
              <value>
                <![CDATA[chrome]]>
              </value>
            </param>
          </params>
          <reporter-output>
          </reporter-output>
        </test-method> <!-- setUp -->
        <test-method signature="findCEO()[pri:0, instance:testcases.AboutPage@2767e23c]" started-at="2024-02-16T23:52:40 IST" name="findCEO" finished-at="2024-02-16T23:52:45 IST" duration-ms="5019" status="PASS">
          <reporter-output>
          </reporter-output>
        </test-method> <!-- findCEO -->
        <test-method signature="totalEmployees()[pri:0, instance:testcases.AboutPage@2767e23c]" started-at="2024-02-16T23:52:45 IST" name="totalEmployees" finished-at="2024-02-16T23:52:48 IST" duration-ms="3069" status="PASS">
          <reporter-output>
          </reporter-output>
        </test-method> <!-- totalEmployees -->
        <test-method is-config="true" signature="tearDown()[pri:0, instance:testcases.AboutPage@2767e23c]" started-at="2024-02-16T23:52:48 IST" name="tearDown" finished-at="2024-02-16T23:52:49 IST" duration-ms="396" status="PASS">
          <reporter-output>
          </reporter-output>
        </test-method> <!-- tearDown -->
      </class> <!-- testcases.AboutPage -->
    </test> <!-- chromeTest -->
  </suite> <!-- Suite -->
</testng-results>
